  [1m[35m (448.3ms)[0m  [1m[35mCREATE DATABASE "atmosphere_development" ENCODING = 'unicode'[0m
  ↳ bin/rails:9
  [1m[35m (411.5ms)[0m  [1m[35mCREATE DATABASE "atmosphere_test" ENCODING = 'unicode'[0m
  ↳ bin/rails:9
  [1m[35m (12.5ms)[0m  [1m[35mCREATE TABLE "schema_migrations" ("version" character varying NOT NULL PRIMARY KEY)[0m
  ↳ bin/rails:9
  [1m[35m (45.8ms)[0m  [1m[35mCREATE TABLE "ar_internal_metadata" ("key" character varying NOT NULL PRIMARY KEY, "value" character varying, "created_at" timestamp NOT NULL, "updated_at" timestamp NOT NULL)[0m
  ↳ bin/rails:9
  [1m[35m (0.9ms)[0m  [1m[34mSELECT pg_try_advisory_lock(8524669822403596995)[0m
  ↳ bin/rails:9
  [1m[35m (0.9ms)[0m  [1m[34mSELECT "schema_migrations"."version" FROM "schema_migrations" ORDER BY "schema_migrations"."version" ASC[0m
  ↳ bin/rails:9
Migrating to CreateUsers (20190730153836)
  [1m[35m (40.9ms)[0m  [1m[35mBEGIN[0m
  ↳ bin/rails:9
  [1m[35m (10.2ms)[0m  [1m[35mCREATE TABLE "users" ("id" bigserial primary key, "username" character varying NOT NULL, "password_digest" character varying NOT NULL, "session_token" character varying NOT NULL, "created_at" timestamp NOT NULL, "updated_at" timestamp NOT NULL)[0m
  ↳ db/migrate/20190730153836_create_users.rb:3
  [1m[35m (5.5ms)[0m  [1m[35mCREATE UNIQUE INDEX  "index_users_on_username" ON "users"  ("username")[0m
  ↳ db/migrate/20190730153836_create_users.rb:10
  [1m[35m (1.3ms)[0m  [1m[35mCREATE UNIQUE INDEX  "index_users_on_session_token" ON "users"  ("session_token")[0m
  ↳ db/migrate/20190730153836_create_users.rb:11
  [1m[36mActiveRecord::SchemaMigration Create (1.8ms)[0m  [1m[32mINSERT INTO "schema_migrations" ("version") VALUES ($1) RETURNING "version"[0m  [["version", "20190730153836"]]
  ↳ bin/rails:9
  [1m[35m (0.5ms)[0m  [1m[35mCOMMIT[0m
  ↳ bin/rails:9
  [1m[36mActiveRecord::InternalMetadata Load (0.6ms)[0m  [1m[34mSELECT  "ar_internal_metadata".* FROM "ar_internal_metadata" WHERE "ar_internal_metadata"."key" = $1 LIMIT $2[0m  [["key", "environment"], ["LIMIT", 1]]
  ↳ bin/rails:9
  [1m[35m (0.2ms)[0m  [1m[35mBEGIN[0m
  ↳ bin/rails:9
  [1m[36mActiveRecord::InternalMetadata Create (42.4ms)[0m  [1m[32mINSERT INTO "ar_internal_metadata" ("key", "value", "created_at", "updated_at") VALUES ($1, $2, $3, $4) RETURNING "key"[0m  [["key", "environment"], ["value", "development"], ["created_at", "2019-07-30 15:39:46.187921"], ["updated_at", "2019-07-30 15:39:46.187921"]]
  ↳ bin/rails:9
  [1m[35m (1.5ms)[0m  [1m[35mCOMMIT[0m
  ↳ bin/rails:9
  [1m[35m (0.5ms)[0m  [1m[34mSELECT pg_advisory_unlock(8524669822403596995)[0m
  ↳ bin/rails:9
  [1m[35m (0.5ms)[0m  [1m[34mSELECT "schema_migrations"."version" FROM "schema_migrations" ORDER BY "schema_migrations"."version" ASC[0m
  ↳ bin/rails:9
  [1m[35m (0.9ms)[0m  [1m[34mSELECT "schema_migrations"."version" FROM "schema_migrations" ORDER BY "schema_migrations"."version" ASC[0m
  ↳ /Users/George/.rbenv/versions/2.5.1/bin/annotate:23
  [1m[35m (0.9ms)[0m  [1m[34mSELECT "schema_migrations"."version" FROM "schema_migrations" ORDER BY "schema_migrations"."version" ASC[0m
  ↳ bin/rails:9
  [1m[35m (0.8ms)[0m  [1m[34mSELECT "schema_migrations"."version" FROM "schema_migrations" ORDER BY "schema_migrations"."version" ASC[0m
  ↳ bin/rails:9
  [1m[35m (0.2ms)[0m  [1m[35mBEGIN[0m
  ↳ db/seeds.rb:8
  [1m[36mUser Exists (1.0ms)[0m  [1m[34mSELECT  1 AS one FROM "users" WHERE "users"."username" = $1 LIMIT $2[0m  [["username", "HomerSimpson"], ["LIMIT", 1]]
  ↳ db/seeds.rb:8
  [1m[36mUser Exists (0.4ms)[0m  [1m[34mSELECT  1 AS one FROM "users" WHERE "users"."session_token" = $1 LIMIT $2[0m  [["session_token", "oDASmVaPLQhTYLC0ZipENQ"], ["LIMIT", 1]]
  ↳ db/seeds.rb:8
  [1m[36mUser Create (0.8ms)[0m  [1m[32mINSERT INTO "users" ("username", "password_digest", "session_token", "created_at", "updated_at") VALUES ($1, $2, $3, $4, $5) RETURNING "id"[0m  [["username", "HomerSimpson"], ["password_digest", "$2a$12$opl09lN/FAwZsoWw1nZLfuPrIzwNdlAtLjaa0sLRXHWS7SQ5BvhZ."], ["session_token", "oDASmVaPLQhTYLC0ZipENQ"], ["created_at", "2019-07-30 16:05:00.704320"], ["updated_at", "2019-07-30 16:05:00.704320"]]
  ↳ db/seeds.rb:8
  [1m[35m (1.3ms)[0m  [1m[35mCOMMIT[0m
  ↳ db/seeds.rb:8
  [1m[35m (0.2ms)[0m  [1m[35mBEGIN[0m
  ↳ db/seeds.rb:9
  [1m[36mUser Exists (0.7ms)[0m  [1m[34mSELECT  1 AS one FROM "users" WHERE "users"."username" = $1 LIMIT $2[0m  [["username", "Gob Bluth"], ["LIMIT", 1]]
  ↳ db/seeds.rb:9
  [1m[36mUser Exists (0.4ms)[0m  [1m[34mSELECT  1 AS one FROM "users" WHERE "users"."session_token" = $1 LIMIT $2[0m  [["session_token", "2M2EILXQSRTpxxL8x2XidQ"], ["LIMIT", 1]]
  ↳ db/seeds.rb:9
  [1m[36mUser Create (0.4ms)[0m  [1m[32mINSERT INTO "users" ("username", "password_digest", "session_token", "created_at", "updated_at") VALUES ($1, $2, $3, $4, $5) RETURNING "id"[0m  [["username", "Gob Bluth"], ["password_digest", "$2a$12$j141rdfFlVfubPQi4./9DuaeEJ0uDRlufIEcFHHxH38ZbVVOl5FFy"], ["session_token", "2M2EILXQSRTpxxL8x2XidQ"], ["created_at", "2019-07-30 16:05:00.954419"], ["updated_at", "2019-07-30 16:05:00.954419"]]
  ↳ db/seeds.rb:9
  [1m[35m (0.4ms)[0m  [1m[35mCOMMIT[0m
  ↳ db/seeds.rb:9
  [1m[35m (0.2ms)[0m  [1m[35mBEGIN[0m
  ↳ db/seeds.rb:10
  [1m[36mUser Exists (0.5ms)[0m  [1m[34mSELECT  1 AS one FROM "users" WHERE "users"."username" = $1 LIMIT $2[0m  [["username", "George"], ["LIMIT", 1]]
  ↳ db/seeds.rb:10
  [1m[36mUser Exists (1.4ms)[0m  [1m[34mSELECT  1 AS one FROM "users" WHERE "users"."session_token" = $1 LIMIT $2[0m  [["session_token", "p6sHxuNgvJ9uRcudDHp94w"], ["LIMIT", 1]]
  ↳ db/seeds.rb:10
  [1m[36mUser Create (0.4ms)[0m  [1m[32mINSERT INTO "users" ("username", "password_digest", "session_token", "created_at", "updated_at") VALUES ($1, $2, $3, $4, $5) RETURNING "id"[0m  [["username", "George"], ["password_digest", "$2a$12$ImXkoZ0XjBJ0/v1to91OLOrKdQvQVWmMtTSd9teMFxUIc1ZEYTxTG"], ["session_token", "p6sHxuNgvJ9uRcudDHp94w"], ["created_at", "2019-07-30 16:05:01.204661"], ["updated_at", "2019-07-30 16:05:01.204661"]]
  ↳ db/seeds.rb:10
  [1m[35m (40.6ms)[0m  [1m[35mCOMMIT[0m
  ↳ db/seeds.rb:10
Started GET "/" for ::1 at 2019-07-30 12:08:24 -0400
  [1m[35m (0.9ms)[0m  [1m[34mSELECT "schema_migrations"."version" FROM "schema_migrations" ORDER BY "schema_migrations"."version" ASC[0m
  ↳ /Users/George/.rbenv/versions/2.5.1/lib/ruby/gems/2.5.0/gems/activerecord-5.2.3/lib/active_record/log_subscriber.rb:98

NameError - Couldn't find Api::UsersHelper, expected it to be defined in helpers/api/users_helper.rb:
  app/controllers/application_controller.rb:1:in `<top (required)>'
  app/controllers/static_pages_controller.rb:1:in `<top (required)>'

Started POST "/__better_errors/d660bba38d8b91d6/variables" for ::1 at 2019-07-30 12:08:26 -0400
Started GET "/" for ::1 at 2019-07-30 12:08:55 -0400
Processing by StaticPagesController#root as HTML
  Rendering static_pages/root.html.erb within layouts/application
  Rendered static_pages/root.html.erb within layouts/application (1.3ms)
Completed 200 OK in 1400ms (Views: 1397.1ms | ActiveRecord: 0.0ms)


Started GET "/" for ::1 at 2019-07-30 13:33:07 -0400

NoMethodError - undefined method `route' for #<ActionDispatch::Routing::Mapper:0x00007fa6c2f23008>:
  config/routes.rb:3:in `block in <top (required)>'
  config/routes.rb:1:in `<top (required)>'

Started POST "/__better_errors/f435945283f9b93c/variables" for ::1 at 2019-07-30 13:33:08 -0400
Started GET "/" for ::1 at 2019-07-30 13:33:38 -0400
Processing by StaticPagesController#root as HTML
  Rendering static_pages/root.html.erb within layouts/application
  Rendered static_pages/root.html.erb within layouts/application (0.3ms)
Completed 200 OK in 49ms (Views: 47.0ms | ActiveRecord: 0.0ms)


Started GET "/" for ::1 at 2019-07-30 13:34:18 -0400
Processing by StaticPagesController#root as HTML
  Rendering static_pages/root.html.erb within layouts/application
  Rendered static_pages/root.html.erb within layouts/application (1.0ms)
Completed 200 OK in 59ms (Views: 56.9ms | ActiveRecord: 0.0ms)


Started GET "/" for ::1 at 2019-07-30 13:34:25 -0400
Processing by StaticPagesController#root as HTML
  Rendering static_pages/root.html.erb within layouts/application
  Rendered static_pages/root.html.erb within layouts/application (0.7ms)
Completed 200 OK in 102ms (Views: 100.1ms | ActiveRecord: 0.0ms)


Started GET "/" for ::1 at 2019-07-30 13:37:19 -0400
Processing by StaticPagesController#root as HTML
  Rendering static_pages/root.html.erb within layouts/application
  Rendered static_pages/root.html.erb within layouts/application (0.5ms)
Completed 200 OK in 81ms (Views: 79.5ms | ActiveRecord: 0.0ms)


Started GET "/" for ::1 at 2019-07-30 13:38:56 -0400
Processing by StaticPagesController#root as HTML
  Rendering static_pages/root.html.erb within layouts/application
  Rendered static_pages/root.html.erb within layouts/application (0.4ms)
Completed 200 OK in 80ms (Views: 78.5ms | ActiveRecord: 0.0ms)


Started GET "/" for ::1 at 2019-07-30 13:45:02 -0400
  [1m[35m (1.0ms)[0m  [1m[34mSELECT "schema_migrations"."version" FROM "schema_migrations" ORDER BY "schema_migrations"."version" ASC[0m
  ↳ /Users/George/.rbenv/versions/2.5.1/lib/ruby/gems/2.5.0/gems/activerecord-5.2.3/lib/active_record/log_subscriber.rb:98
Processing by StaticPagesController#root as HTML
  Rendering static_pages/root.html.erb within layouts/application
  Rendered static_pages/root.html.erb within layouts/application (1.1ms)
Completed 200 OK in 1300ms (Views: 1297.6ms | ActiveRecord: 0.0ms)


Started POST "/api/users" for ::1 at 2019-07-30 13:46:30 -0400
Processing by Api::UsersController#create as JSON
  Parameters: {"user"=>{"username"=>"john", "password"=>"[FILTERED]"}}
  [1m[35m (0.2ms)[0m  [1m[35mBEGIN[0m
  ↳ app/controllers/api/users_controller.rb:4
  [1m[36mUser Exists (1.1ms)[0m  [1m[34mSELECT  1 AS one FROM "users" WHERE "users"."username" = $1 LIMIT $2[0m  [["username", "john"], ["LIMIT", 1]]
  ↳ app/controllers/api/users_controller.rb:4
  [1m[36mUser Exists (0.7ms)[0m  [1m[34mSELECT  1 AS one FROM "users" WHERE "users"."session_token" = $1 LIMIT $2[0m  [["session_token", "3quPWfrziCQsSLxxCSePsQ"], ["LIMIT", 1]]
  ↳ app/controllers/api/users_controller.rb:4
  [1m[36mUser Create (2.4ms)[0m  [1m[32mINSERT INTO "users" ("username", "password_digest", "session_token", "created_at", "updated_at") VALUES ($1, $2, $3, $4, $5) RETURNING "id"[0m  [["username", "john"], ["password_digest", "$2a$12$4hAZ43ZhjXKZZDxE8vJHi.LoXYB35kmHkxU13EfPzL6zhy68tk4jK"], ["session_token", "3quPWfrziCQsSLxxCSePsQ"], ["created_at", "2019-07-30 17:46:31.184728"], ["updated_at", "2019-07-30 17:46:31.184728"]]
  ↳ app/controllers/api/users_controller.rb:4
  [1m[35m (40.2ms)[0m  [1m[35mCOMMIT[0m
  ↳ app/controllers/api/users_controller.rb:4
  [1m[35m (0.3ms)[0m  [1m[35mBEGIN[0m
  ↳ app/models/user.rb:37
  [1m[36mUser Exists (0.8ms)[0m  [1m[34mSELECT  1 AS one FROM "users" WHERE "users"."username" = $1 AND "users"."id" != $2 LIMIT $3[0m  [["username", "john"], ["id", 4], ["LIMIT", 1]]
  ↳ app/models/user.rb:37
  [1m[36mUser Exists (0.8ms)[0m  [1m[34mSELECT  1 AS one FROM "users" WHERE "users"."session_token" = $1 AND "users"."id" != $2 LIMIT $3[0m  [["session_token", "gZKFz2ikgJrK1YOXxqdUDg"], ["id", 4], ["LIMIT", 1]]
  ↳ app/models/user.rb:37
  [1m[36mUser Update (3.6ms)[0m  [1m[33mUPDATE "users" SET "session_token" = $1, "updated_at" = $2 WHERE "users"."id" = $3[0m  [["session_token", "gZKFz2ikgJrK1YOXxqdUDg"], ["updated_at", "2019-07-30 17:46:31.237685"], ["id", 4]]
  ↳ app/models/user.rb:37
  [1m[35m (0.5ms)[0m  [1m[35mCOMMIT[0m
  ↳ app/models/user.rb:37
Completed 500 Internal Server Error in 358ms (ActiveRecord: 60.7ms)



NameError - undefined local variable or method `sef' for #<User:0x00007ffec42920a0>
Did you mean?  send:
  app/models/user.rb:38:in `reset_session_token!'
  app/controllers/application_controller.rb:5:in `login'
  app/controllers/api/users_controller.rb:5:in `create'

Started GET "/" for ::1 at 2019-07-30 13:49:23 -0400
Processing by StaticPagesController#root as HTML
  Rendering static_pages/root.html.erb within layouts/application
  Rendered static_pages/root.html.erb within layouts/application (0.3ms)
Completed 200 OK in 47ms (Views: 43.0ms | ActiveRecord: 0.0ms)


Started POST "/api/users" for ::1 at 2019-07-30 13:49:27 -0400
Processing by Api::UsersController#create as JSON
  Parameters: {"user"=>{"username"=>"john", "password"=>"[FILTERED]"}}
  [1m[35m (0.2ms)[0m  [1m[35mBEGIN[0m
  ↳ app/controllers/api/users_controller.rb:4
  [1m[36mUser Exists (0.7ms)[0m  [1m[34mSELECT  1 AS one FROM "users" WHERE "users"."username" = $1 LIMIT $2[0m  [["username", "john"], ["LIMIT", 1]]
  ↳ app/controllers/api/users_controller.rb:4
  [1m[36mUser Exists (0.6ms)[0m  [1m[34mSELECT  1 AS one FROM "users" WHERE "users"."session_token" = $1 LIMIT $2[0m  [["session_token", "uuZb1IY8yJ0jA-gyHN0vww"], ["LIMIT", 1]]
  ↳ app/controllers/api/users_controller.rb:4
  [1m[35m (41.6ms)[0m  [1m[31mROLLBACK[0m
  ↳ app/controllers/api/users_controller.rb:4
Completed 422 Unprocessable Entity in 358ms (Views: 0.2ms | ActiveRecord: 59.8ms)


Started GET "/" for ::1 at 2019-07-30 13:50:06 -0400
Processing by StaticPagesController#root as HTML
  Rendering static_pages/root.html.erb within layouts/application
  Rendered static_pages/root.html.erb within layouts/application (0.3ms)
Completed 200 OK in 59ms (Views: 56.6ms | ActiveRecord: 0.0ms)


Started POST "/api/users" for ::1 at 2019-07-30 13:50:10 -0400
Processing by Api::UsersController#create as JSON
  Parameters: {"user"=>{"username"=>"john", "password"=>"[FILTERED]"}}
  [1m[35m (0.2ms)[0m  [1m[35mBEGIN[0m
  ↳ app/controllers/api/users_controller.rb:5
  [1m[36mUser Exists (0.5ms)[0m  [1m[34mSELECT  1 AS one FROM "users" WHERE "users"."username" = $1 LIMIT $2[0m  [["username", "john"], ["LIMIT", 1]]
  ↳ app/controllers/api/users_controller.rb:5
  [1m[36mUser Exists (0.4ms)[0m  [1m[34mSELECT  1 AS one FROM "users" WHERE "users"."session_token" = $1 LIMIT $2[0m  [["session_token", "0byuFirKMhBCH0v2Tv6idQ"], ["LIMIT", 1]]
  ↳ app/controllers/api/users_controller.rb:5
  [1m[35m (0.2ms)[0m  [1m[31mROLLBACK[0m
  ↳ app/controllers/api/users_controller.rb:5
Completed 422 Unprocessable Entity in 21505ms (Views: 0.2ms | ActiveRecord: 39.1ms)


Started GET "/" for ::1 at 2019-07-30 13:50:50 -0400
Processing by StaticPagesController#root as HTML
  Rendering static_pages/root.html.erb within layouts/application
  Rendered static_pages/root.html.erb within layouts/application (0.3ms)
Completed 200 OK in 52ms (Views: 48.9ms | ActiveRecord: 0.0ms)


Started POST "/api/users" for ::1 at 2019-07-30 13:50:54 -0400
Processing by Api::UsersController#create as JSON
  Parameters: {"user"=>{"username"=>"john", "password"=>"[FILTERED]"}}
  [1m[35m (0.3ms)[0m  [1m[35mBEGIN[0m
  ↳ app/controllers/api/users_controller.rb:5
  [1m[36mUser Exists (0.8ms)[0m  [1m[34mSELECT  1 AS one FROM "users" WHERE "users"."username" = $1 LIMIT $2[0m  [["username", "john"], ["LIMIT", 1]]
  ↳ app/controllers/api/users_controller.rb:5
  [1m[36mUser Exists (0.4ms)[0m  [1m[34mSELECT  1 AS one FROM "users" WHERE "users"."session_token" = $1 LIMIT $2[0m  [["session_token", "mRAnZkpOzRP6Y-5D7jJVAg"], ["LIMIT", 1]]
  ↳ app/controllers/api/users_controller.rb:5
  [1m[35m (0.3ms)[0m  [1m[31mROLLBACK[0m
  ↳ app/controllers/api/users_controller.rb:5
Completed 422 Unprocessable Entity in 47294ms (Views: 0.2ms | ActiveRecord: 16.8ms)


Started GET "/" for ::1 at 2019-07-30 13:51:54 -0400
Processing by StaticPagesController#root as HTML
  Rendering static_pages/root.html.erb within layouts/application
  Rendered static_pages/root.html.erb within layouts/application (0.3ms)
Completed 200 OK in 48ms (Views: 45.3ms | ActiveRecord: 0.0ms)


Started POST "/api/users" for ::1 at 2019-07-30 13:52:19 -0400
Processing by Api::UsersController#create as JSON
  Parameters: {"user"=>{"username"=>"dsajkflals;dfj", "password"=>"[FILTERED]"}}
  [1m[35m (0.2ms)[0m  [1m[35mBEGIN[0m
  ↳ app/controllers/api/users_controller.rb:5
  [1m[36mUser Exists (0.6ms)[0m  [1m[34mSELECT  1 AS one FROM "users" WHERE "users"."username" = $1 LIMIT $2[0m  [["username", "dsajkflals;dfj"], ["LIMIT", 1]]
  ↳ app/controllers/api/users_controller.rb:5
  [1m[36mUser Exists (0.4ms)[0m  [1m[34mSELECT  1 AS one FROM "users" WHERE "users"."session_token" = $1 LIMIT $2[0m  [["session_token", "BJmNTXA1Of9Gzr-XItsxag"], ["LIMIT", 1]]
  ↳ app/controllers/api/users_controller.rb:5
  [1m[36mUser Create (0.4ms)[0m  [1m[32mINSERT INTO "users" ("username", "password_digest", "session_token", "created_at", "updated_at") VALUES ($1, $2, $3, $4, $5) RETURNING "id"[0m  [["username", "dsajkflals;dfj"], ["password_digest", "$2a$12$HusN8eMSRBFwVJ5Oq/SyruiArGjIk97vf3iXsKYILcZXSU1OOwT.6"], ["session_token", "BJmNTXA1Of9Gzr-XItsxag"], ["created_at", "2019-07-30 17:52:20.055280"], ["updated_at", "2019-07-30 17:52:20.055280"]]
  ↳ app/controllers/api/users_controller.rb:5
  [1m[35m (1.3ms)[0m  [1m[35mCOMMIT[0m
  ↳ app/controllers/api/users_controller.rb:5
  [1m[35m (0.4ms)[0m  [1m[35mBEGIN[0m
  ↳ app/models/user.rb:37
  [1m[36mUser Exists (0.6ms)[0m  [1m[34mSELECT  1 AS one FROM "users" WHERE "users"."username" = $1 AND "users"."id" != $2 LIMIT $3[0m  [["username", "dsajkflals;dfj"], ["id", 5], ["LIMIT", 1]]
  ↳ app/models/user.rb:37
  [1m[36mUser Exists (0.7ms)[0m  [1m[34mSELECT  1 AS one FROM "users" WHERE "users"."session_token" = $1 AND "users"."id" != $2 LIMIT $3[0m  [["session_token", "BgjDreeappU-IgrZ6Eb05Q"], ["id", 5], ["LIMIT", 1]]
  ↳ app/models/user.rb:37
  [1m[36mUser Update (0.5ms)[0m  [1m[33mUPDATE "users" SET "session_token" = $1, "updated_at" = $2 WHERE "users"."id" = $3[0m  [["session_token", "BgjDreeappU-IgrZ6Eb05Q"], ["updated_at", "2019-07-30 17:52:20.077134"], ["id", 5]]
  ↳ app/models/user.rb:37
  [1m[35m (1.0ms)[0m  [1m[35mCOMMIT[0m
  ↳ app/models/user.rb:37
  Rendering api/users/show.json.jbuilder
  Rendered api/users/_user.json.jbuilder (0.9ms)
  Rendered api/users/show.json.jbuilder (7.2ms)
Completed 200 OK in 349ms (Views: 12.9ms | ActiveRecord: 27.7ms)


Started POST "/api/session" for ::1 at 2019-07-30 13:52:50 -0400
Processing by Api::SessionsController#create as JSON
  Parameters: {"user"=>{"username"=>"dsajkflals;dfj", "password"=>"[FILTERED]"}}
  [1m[36mUser Load (44.7ms)[0m  [1m[34mSELECT  "users".* FROM "users" WHERE "users"."username" = $1 LIMIT $2[0m  [["username", "dsajkflals;dfj"], ["LIMIT", 1]]
  ↳ app/models/user.rb:21
  [1m[35m (0.2ms)[0m  [1m[35mBEGIN[0m
  ↳ app/models/user.rb:37
  [1m[36mUser Exists (0.6ms)[0m  [1m[34mSELECT  1 AS one FROM "users" WHERE "users"."username" = $1 AND "users"."id" != $2 LIMIT $3[0m  [["username", "dsajkflals;dfj"], ["id", 5], ["LIMIT", 1]]
  ↳ app/models/user.rb:37
  [1m[36mUser Exists (0.5ms)[0m  [1m[34mSELECT  1 AS one FROM "users" WHERE "users"."session_token" = $1 AND "users"."id" != $2 LIMIT $3[0m  [["session_token", "F_K7P2eluoc96mW3p8rENA"], ["id", 5], ["LIMIT", 1]]
  ↳ app/models/user.rb:37
  [1m[36mUser Update (0.6ms)[0m  [1m[33mUPDATE "users" SET "session_token" = $1, "updated_at" = $2 WHERE "users"."id" = $3[0m  [["session_token", "F_K7P2eluoc96mW3p8rENA"], ["updated_at", "2019-07-30 17:52:51.002065"], ["id", 5]]
  ↳ app/models/user.rb:37
  [1m[35m (1.1ms)[0m  [1m[35mCOMMIT[0m
  ↳ app/models/user.rb:37
  Rendering api/users/show.json.jbuilder
  Rendered api/users/_user.json.jbuilder (5.4ms)
  Rendered api/users/show.json.jbuilder (7.4ms)
Completed 500 Internal Server Error in 318ms (ActiveRecord: 47.8ms)



NoMethodError - undefined method `id' for nil:NilClass:
  app/views/api/users/_user.json.jbuilder:1:in `_app_views_api_users__user_json_jbuilder__1085544896237630001_70366134564420'
  app/views/api/users/show.json.jbuilder:1:in `_app_views_api_users_show_json_jbuilder___1694332039333958517_70366134614280'
  app/controllers/api/sessions_controller.rb:6:in `create'

Started POST "/api/session" for ::1 at 2019-07-30 13:53:34 -0400
Processing by Api::SessionsController#create as JSON
  Parameters: {"user"=>{"username"=>"dsajkflals;dfj", "password"=>"[FILTERED]"}}
  [1m[36mUser Load (0.4ms)[0m  [1m[34mSELECT  "users".* FROM "users" WHERE "users"."username" = $1 LIMIT $2[0m  [["username", "dsajkflals;dfj"], ["LIMIT", 1]]
  ↳ app/models/user.rb:21
  [1m[35m (0.2ms)[0m  [1m[35mBEGIN[0m
  ↳ app/models/user.rb:37
  [1m[36mUser Exists (1.2ms)[0m  [1m[34mSELECT  1 AS one FROM "users" WHERE "users"."username" = $1 AND "users"."id" != $2 LIMIT $3[0m  [["username", "dsajkflals;dfj"], ["id", 5], ["LIMIT", 1]]
  ↳ app/models/user.rb:37
  [1m[36mUser Exists (0.5ms)[0m  [1m[34mSELECT  1 AS one FROM "users" WHERE "users"."session_token" = $1 AND "users"."id" != $2 LIMIT $3[0m  [["session_token", "Mh2wesA1Ull6749c60Yk3A"], ["id", 5], ["LIMIT", 1]]
  ↳ app/models/user.rb:37
  [1m[36mUser Update (0.4ms)[0m  [1m[33mUPDATE "users" SET "session_token" = $1, "updated_at" = $2 WHERE "users"."id" = $3[0m  [["session_token", "Mh2wesA1Ull6749c60Yk3A"], ["updated_at", "2019-07-30 17:53:34.551585"], ["id", 5]]
  ↳ app/models/user.rb:37
  [1m[35m (1.1ms)[0m  [1m[35mCOMMIT[0m
  ↳ app/models/user.rb:37
  Rendering api/users/show.json.jbuilder
  Rendered api/users/_user.json.jbuilder (4.7ms)
  Rendered api/users/show.json.jbuilder (9.9ms)
Completed 500 Internal Server Error in 285ms (ActiveRecord: 3.7ms)



NoMethodError - undefined method `id' for nil:NilClass:
  app/views/api/users/_user.json.jbuilder:1:in `_app_views_api_users__user_json_jbuilder__1085544896237630001_70366134166000'
  app/views/api/users/show.json.jbuilder:1:in `_app_views_api_users_show_json_jbuilder___1694332039333958517_70366134204680'
  app/controllers/api/sessions_controller.rb:6:in `create'

Started GET "/" for ::1 at 2019-07-30 13:57:57 -0400
Processing by StaticPagesController#root as HTML
  Rendering static_pages/root.html.erb within layouts/application
  Rendered static_pages/root.html.erb within layouts/application (0.4ms)
Completed 200 OK in 40ms (Views: 37.6ms | ActiveRecord: 0.0ms)


Started POST "/api/session" for ::1 at 2019-07-30 13:58:05 -0400
Processing by Api::SessionsController#create as JSON
  Parameters: {"user"=>{"username"=>"dsajkflals;dfj", "password"=>"[FILTERED]"}}
  [1m[36mUser Load (0.3ms)[0m  [1m[34mSELECT  "users".* FROM "users" WHERE "users"."username" = $1 LIMIT $2[0m  [["username", "dsajkflals;dfj"], ["LIMIT", 1]]
  ↳ app/models/user.rb:21
  [1m[35m (0.2ms)[0m  [1m[35mBEGIN[0m
  ↳ app/models/user.rb:37
  [1m[36mUser Exists (0.5ms)[0m  [1m[34mSELECT  1 AS one FROM "users" WHERE "users"."username" = $1 AND "users"."id" != $2 LIMIT $3[0m  [["username", "dsajkflals;dfj"], ["id", 5], ["LIMIT", 1]]
  ↳ app/models/user.rb:37
  [1m[36mUser Exists (0.5ms)[0m  [1m[34mSELECT  1 AS one FROM "users" WHERE "users"."session_token" = $1 AND "users"."id" != $2 LIMIT $3[0m  [["session_token", "iM5e5mlToYbk-cDQZbt6oA"], ["id", 5], ["LIMIT", 1]]
  ↳ app/models/user.rb:37
  [1m[36mUser Update (0.5ms)[0m  [1m[33mUPDATE "users" SET "session_token" = $1, "updated_at" = $2 WHERE "users"."id" = $3[0m  [["session_token", "iM5e5mlToYbk-cDQZbt6oA"], ["updated_at", "2019-07-30 17:58:39.164606"], ["id", 5]]
  ↳ app/models/user.rb:37
  [1m[35m (42.0ms)[0m  [1m[35mCOMMIT[0m
  ↳ app/models/user.rb:37
  Rendering api/users/show.json.jbuilder
  Rendered api/users/_user.json.jbuilder (4.8ms)
  Rendered api/users/show.json.jbuilder (9.8ms)
Completed 500 Internal Server Error in 33693ms (ActiveRecord: 49.8ms)



NoMethodError - undefined method `id' for nil:NilClass:
  app/views/api/users/_user.json.jbuilder:1:in `_app_views_api_users__user_json_jbuilder__1085544896237630001_70366083163420'
  app/views/api/users/show.json.jbuilder:1:in `_app_views_api_users_show_json_jbuilder___1694332039333958517_70366094640040'
  app/controllers/api/sessions_controller.rb:7:in `create'

Started GET "/" for ::1 at 2019-07-30 13:59:34 -0400
Processing by StaticPagesController#root as HTML
  Rendering static_pages/root.html.erb within layouts/application
  Rendered static_pages/root.html.erb within layouts/application (0.3ms)
Completed 200 OK in 63ms (Views: 61.8ms | ActiveRecord: 0.0ms)


Started POST "/api/session" for ::1 at 2019-07-30 13:59:38 -0400
Processing by Api::SessionsController#create as JSON
  Parameters: {"user"=>{"username"=>"dsajkflals;dfj", "password"=>"[FILTERED]"}}
  [1m[36mUser Load (0.5ms)[0m  [1m[34mSELECT  "users".* FROM "users" WHERE "users"."username" = $1 LIMIT $2[0m  [["username", "dsajkflals;dfj"], ["LIMIT", 1]]
  ↳ app/models/user.rb:21
Completed 500 Internal Server Error in 3342ms (ActiveRecord: 9.1ms)



NameError - undefined local variable or method `user' for #<Api::SessionsController:0x00007ffec8e6fef0>
Did you mean?  @user:
  app/controllers/api/sessions_controller.rb:6:in `create'

Started GET "/" for ::1 at 2019-07-30 14:00:00 -0400
Processing by StaticPagesController#root as HTML
  Rendering static_pages/root.html.erb within layouts/application
  Rendered static_pages/root.html.erb within layouts/application (0.6ms)
Completed 200 OK in 65ms (Views: 63.1ms | ActiveRecord: 0.0ms)


Started POST "/api/session" for ::1 at 2019-07-30 14:00:03 -0400
Processing by Api::SessionsController#create as JSON
  Parameters: {"user"=>{"username"=>"dsajkflals;dfj", "password"=>"[FILTERED]"}}
  [1m[36mUser Load (1.1ms)[0m  [1m[34mSELECT  "users".* FROM "users" WHERE "users"."username" = $1 LIMIT $2[0m  [["username", "dsajkflals;dfj"], ["LIMIT", 1]]
  ↳ app/models/user.rb:21
  [1m[35m (0.2ms)[0m  [1m[35mBEGIN[0m
  ↳ app/models/user.rb:37
  [1m[36mUser Exists (0.5ms)[0m  [1m[34mSELECT  1 AS one FROM "users" WHERE "users"."username" = $1 AND "users"."id" != $2 LIMIT $3[0m  [["username", "dsajkflals;dfj"], ["id", 5], ["LIMIT", 1]]
  ↳ app/models/user.rb:37
  [1m[36mUser Exists (0.4ms)[0m  [1m[34mSELECT  1 AS one FROM "users" WHERE "users"."session_token" = $1 AND "users"."id" != $2 LIMIT $3[0m  [["session_token", "MwVxAirrh9TvFfW-6cSWQg"], ["id", 5], ["LIMIT", 1]]
  ↳ app/models/user.rb:37
  [1m[36mUser Update (0.5ms)[0m  [1m[33mUPDATE "users" SET "session_token" = $1, "updated_at" = $2 WHERE "users"."id" = $3[0m  [["session_token", "MwVxAirrh9TvFfW-6cSWQg"], ["updated_at", "2019-07-30 18:00:03.786186"], ["id", 5]]
  ↳ app/models/user.rb:37
  [1m[35m (1.2ms)[0m  [1m[35mCOMMIT[0m
  ↳ app/models/user.rb:37
  Rendering api/users/show.json.jbuilder
  Rendered api/users/_user.json.jbuilder (0.9ms)
  Rendered api/users/show.json.jbuilder (5.4ms)
Completed 200 OK in 316ms (Views: 15.7ms | ActiveRecord: 9.4ms)


Started DELETE "/api/session" for ::1 at 2019-07-30 14:00:17 -0400
Processing by Api::SessionsController#destroy as JSON
No template found for Api::SessionsController#destroy, rendering head :no_content
Completed 204 No Content in 85ms (ActiveRecord: 0.0ms)


Started GET "/" for ::1 at 2019-07-30 14:26:25 -0400
Processing by StaticPagesController#root as HTML
  Rendering static_pages/root.html.erb within layouts/application
  Rendered static_pages/root.html.erb within layouts/application (0.3ms)
Completed 200 OK in 350ms (Views: 347.6ms | ActiveRecord: 0.0ms)


Started GET "/" for ::1 at 2019-07-30 14:34:15 -0400
Processing by StaticPagesController#root as HTML
  Rendering static_pages/root.html.erb within layouts/application
  Rendered static_pages/root.html.erb within layouts/application (0.3ms)
Completed 200 OK in 374ms (Views: 371.5ms | ActiveRecord: 0.0ms)


Started GET "/" for ::1 at 2019-07-30 14:50:21 -0400
Processing by StaticPagesController#root as HTML
  Rendering static_pages/root.html.erb within layouts/application
  Rendered static_pages/root.html.erb within layouts/application (0.7ms)
Completed 200 OK in 443ms (Views: 441.5ms | ActiveRecord: 0.0ms)


Started GET "/" for ::1 at 2019-07-30 14:58:36 -0400
Processing by StaticPagesController#root as HTML
  Rendering static_pages/root.html.erb within layouts/application
  Rendered static_pages/root.html.erb within layouts/application (0.3ms)
Completed 200 OK in 401ms (Views: 399.3ms | ActiveRecord: 0.0ms)


Started GET "/" for ::1 at 2019-07-30 14:58:58 -0400
Processing by StaticPagesController#root as HTML
  Rendering static_pages/root.html.erb within layouts/application
  Rendered static_pages/root.html.erb within layouts/application (0.4ms)
Completed 200 OK in 54ms (Views: 51.1ms | ActiveRecord: 0.0ms)


Started GET "/" for ::1 at 2019-07-30 14:59:35 -0400
Processing by StaticPagesController#root as HTML
  Rendering static_pages/root.html.erb within layouts/application
  Rendered static_pages/root.html.erb within layouts/application (0.6ms)
Completed 200 OK in 52ms (Views: 50.8ms | ActiveRecord: 0.0ms)


Started GET "/" for ::1 at 2019-07-30 14:59:37 -0400
Processing by StaticPagesController#root as HTML
  Rendering static_pages/root.html.erb within layouts/application
  Rendered static_pages/root.html.erb within layouts/application (0.4ms)
Completed 200 OK in 33ms (Views: 31.5ms | ActiveRecord: 0.0ms)


Started GET "/" for ::1 at 2019-07-30 14:59:38 -0400
Processing by StaticPagesController#root as HTML
  Rendering static_pages/root.html.erb within layouts/application
  Rendered static_pages/root.html.erb within layouts/application (0.3ms)
Completed 200 OK in 38ms (Views: 36.7ms | ActiveRecord: 0.0ms)


Started GET "/" for ::1 at 2019-07-30 15:22:02 -0400
Processing by StaticPagesController#root as HTML
  Rendering static_pages/root.html.erb within layouts/application
  Rendered static_pages/root.html.erb within layouts/application (0.4ms)
Completed 200 OK in 68ms (Views: 58.3ms | ActiveRecord: 0.0ms)


Started GET "/" for ::1 at 2019-07-30 15:22:18 -0400
Processing by StaticPagesController#root as HTML
  Rendering static_pages/root.html.erb within layouts/application
  Rendered static_pages/root.html.erb within layouts/application (0.4ms)
Completed 200 OK in 65ms (Views: 63.1ms | ActiveRecord: 0.0ms)


Started GET "/" for ::1 at 2019-07-30 15:22:28 -0400
Processing by StaticPagesController#root as HTML
  Rendering static_pages/root.html.erb within layouts/application
  Rendered static_pages/root.html.erb within layouts/application (0.4ms)
Completed 200 OK in 65ms (Views: 63.9ms | ActiveRecord: 0.0ms)


Started GET "/" for ::1 at 2019-07-30 15:22:39 -0400
Processing by StaticPagesController#root as HTML
  Rendering static_pages/root.html.erb within layouts/application
  Rendered static_pages/root.html.erb within layouts/application (0.5ms)
Completed 200 OK in 80ms (Views: 78.6ms | ActiveRecord: 0.0ms)


Started GET "/" for ::1 at 2019-07-30 15:23:01 -0400
Processing by StaticPagesController#root as HTML
  Rendering static_pages/root.html.erb within layouts/application
  Rendered static_pages/root.html.erb within layouts/application (0.5ms)
Completed 200 OK in 69ms (Views: 67.3ms | ActiveRecord: 0.0ms)


Started GET "/" for ::1 at 2019-07-30 15:26:11 -0400
Processing by StaticPagesController#root as HTML
  Rendering static_pages/root.html.erb within layouts/application
  Rendered static_pages/root.html.erb within layouts/application (0.4ms)
Completed 200 OK in 386ms (Views: 384.2ms | ActiveRecord: 0.0ms)


Started GET "/" for ::1 at 2019-07-30 15:26:53 -0400
Processing by StaticPagesController#root as HTML
  Rendering static_pages/root.html.erb within layouts/application
  Rendered static_pages/root.html.erb within layouts/application (0.8ms)
Completed 200 OK in 97ms (Views: 95.3ms | ActiveRecord: 0.0ms)


Started GET "/" for ::1 at 2019-07-30 15:26:54 -0400
Processing by StaticPagesController#root as HTML
  Rendering static_pages/root.html.erb within layouts/application
  Rendered static_pages/root.html.erb within layouts/application (1.6ms)
Completed 200 OK in 36ms (Views: 34.0ms | ActiveRecord: 0.0ms)


Started GET "/" for ::1 at 2019-07-30 15:26:55 -0400
Processing by StaticPagesController#root as HTML
  Rendering static_pages/root.html.erb within layouts/application
  Rendered static_pages/root.html.erb within layouts/application (0.4ms)
Completed 200 OK in 37ms (Views: 35.1ms | ActiveRecord: 0.0ms)


Started GET "/" for ::1 at 2019-07-30 15:26:56 -0400
Processing by StaticPagesController#root as HTML
  Rendering static_pages/root.html.erb within layouts/application
  Rendered static_pages/root.html.erb within layouts/application (0.4ms)
Completed 200 OK in 37ms (Views: 35.1ms | ActiveRecord: 0.0ms)


Started GET "/" for ::1 at 2019-07-30 15:28:11 -0400
Processing by StaticPagesController#root as HTML
  Rendering static_pages/root.html.erb within layouts/application
  Rendered static_pages/root.html.erb within layouts/application (0.5ms)
Completed 200 OK in 94ms (Views: 92.2ms | ActiveRecord: 0.0ms)


Started GET "/" for ::1 at 2019-07-30 15:28:47 -0400
Processing by StaticPagesController#root as HTML
  Rendering static_pages/root.html.erb within layouts/application
  Rendered static_pages/root.html.erb within layouts/application (1.6ms)
Completed 200 OK in 70ms (Views: 68.5ms | ActiveRecord: 0.0ms)


Started GET "/" for ::1 at 2019-07-30 15:28:59 -0400
Processing by StaticPagesController#root as HTML
  Rendering static_pages/root.html.erb within layouts/application
  Rendered static_pages/root.html.erb within layouts/application (0.4ms)
Completed 200 OK in 126ms (Views: 123.7ms | ActiveRecord: 0.0ms)


Started GET "/" for ::1 at 2019-07-30 15:29:00 -0400
Processing by StaticPagesController#root as HTML
  Rendering static_pages/root.html.erb within layouts/application
  Rendered static_pages/root.html.erb within layouts/application (0.7ms)
Completed 200 OK in 41ms (Views: 39.5ms | ActiveRecord: 0.0ms)


Started GET "/" for ::1 at 2019-07-30 15:29:02 -0400
Processing by StaticPagesController#root as HTML
  Rendering static_pages/root.html.erb within layouts/application
  Rendered static_pages/root.html.erb within layouts/application (0.9ms)
Completed 200 OK in 36ms (Views: 34.3ms | ActiveRecord: 0.0ms)


Started GET "/" for ::1 at 2019-07-30 15:29:25 -0400
Processing by StaticPagesController#root as HTML
  Rendering static_pages/root.html.erb within layouts/application
  Rendered static_pages/root.html.erb within layouts/application (0.4ms)
Completed 200 OK in 71ms (Views: 68.9ms | ActiveRecord: 0.0ms)


Started GET "/" for ::1 at 2019-07-30 15:29:41 -0400
Processing by StaticPagesController#root as HTML
  Rendering static_pages/root.html.erb within layouts/application
  Rendered static_pages/root.html.erb within layouts/application (0.4ms)
Completed 200 OK in 88ms (Views: 86.4ms | ActiveRecord: 0.0ms)


Started GET "/" for ::1 at 2019-07-30 15:29:58 -0400
Processing by StaticPagesController#root as HTML
  Rendering static_pages/root.html.erb within layouts/application
  Rendered static_pages/root.html.erb within layouts/application (0.3ms)
Completed 200 OK in 71ms (Views: 69.9ms | ActiveRecord: 0.0ms)


Started GET "/" for ::1 at 2019-07-30 15:30:18 -0400
Processing by StaticPagesController#root as HTML
  Rendering static_pages/root.html.erb within layouts/application
  Rendered static_pages/root.html.erb within layouts/application (0.4ms)
Completed 200 OK in 89ms (Views: 85.8ms | ActiveRecord: 0.0ms)


Started GET "/" for ::1 at 2019-07-30 15:30:31 -0400
Processing by StaticPagesController#root as HTML
  Rendering static_pages/root.html.erb within layouts/application
  Rendered static_pages/root.html.erb within layouts/application (0.7ms)
Completed 200 OK in 82ms (Views: 78.6ms | ActiveRecord: 0.0ms)


Started GET "/" for ::1 at 2019-07-30 15:30:53 -0400
Processing by StaticPagesController#root as HTML
  Rendering static_pages/root.html.erb within layouts/application
  Rendered static_pages/root.html.erb within layouts/application (0.4ms)
Completed 200 OK in 102ms (Views: 99.2ms | ActiveRecord: 0.0ms)


Started GET "/" for ::1 at 2019-07-30 15:31:00 -0400
Processing by StaticPagesController#root as HTML
  Rendering static_pages/root.html.erb within layouts/application
  Rendered static_pages/root.html.erb within layouts/application (0.4ms)
Completed 200 OK in 84ms (Views: 81.8ms | ActiveRecord: 0.0ms)


